0 info it worked if it ends with ok
1 verbose cli [ '/home/ubuntu/.nvm/v0.10.35/bin/node',
1 verbose cli   '/home/ubuntu/.nvm/v0.10.35/bin/npm',
1 verbose cli   'install',
1 verbose cli   '--save',
1 verbose cli   'shortif' ]
2 info using npm@1.4.28
3 info using node@v0.10.35
4 warn package.json onBoard@1.0.0 No repository field.
5 warn package.json onBoard@1.0.0 No README data
6 verbose readDependencies using package.json deps
7 verbose cache add [ 'shortif', null ]
8 verbose cache add name=undefined spec="shortif" args=["shortif",null]
9 verbose parsed url { protocol: null,
9 verbose parsed url   slashes: null,
9 verbose parsed url   auth: null,
9 verbose parsed url   host: null,
9 verbose parsed url   port: null,
9 verbose parsed url   hostname: null,
9 verbose parsed url   hash: null,
9 verbose parsed url   search: null,
9 verbose parsed url   query: null,
9 verbose parsed url   pathname: 'shortif',
9 verbose parsed url   path: 'shortif',
9 verbose parsed url   href: 'shortif' }
10 silly lockFile 2f59f035-shortif shortif
11 verbose lock shortif /home/ubuntu/.npm/2f59f035-shortif.lock
12 silly lockFile 2f59f035-shortif shortif
13 silly lockFile 2f59f035-shortif shortif
14 verbose addNamed [ 'shortif', '' ]
15 verbose addNamed [ null, '*' ]
16 silly lockFile ab8ff65e-shortif shortif@
17 verbose lock shortif@ /home/ubuntu/.npm/ab8ff65e-shortif.lock
18 silly addNameRange { name: 'shortif', range: '*', hasData: false }
19 verbose request where is /shortif
20 verbose request registry https://registry.npmjs.org/
21 verbose request id 0c18a7ba78526925
22 verbose url raw /shortif
23 verbose url resolving [ 'https://registry.npmjs.org/', './shortif' ]
24 verbose url resolved https://registry.npmjs.org/shortif
25 verbose request where is https://registry.npmjs.org/shortif
26 info trying registry request attempt 1 at 17:53:53
27 http GET https://registry.npmjs.org/shortif
28 http 404 https://registry.npmjs.org/shortif
29 verbose headers { server: 'CouchDB/1.5.0 (Erlang OTP/R16B03)',
29 verbose headers   'content-type': 'application/json',
29 verbose headers   'cache-control': 'max-age=0',
29 verbose headers   'content-length': '51',
29 verbose headers   'accept-ranges': 'bytes',
29 verbose headers   date: 'Sat, 25 Jul 2015 17:53:53 GMT',
29 verbose headers   via: '1.1 varnish',
29 verbose headers   age: '0',
29 verbose headers   connection: 'keep-alive',
29 verbose headers   'x-served-by': 'cache-hkg6826-HKG',
29 verbose headers   'x-cache': 'MISS',
29 verbose headers   'x-cache-hits': '0',
29 verbose headers   'x-timer': 'S1437846833.698836,VS0,VE191' }
30 silly registry.get cb [ 404,
30 silly registry.get   { server: 'CouchDB/1.5.0 (Erlang OTP/R16B03)',
30 silly registry.get     'content-type': 'application/json',
30 silly registry.get     'cache-control': 'max-age=0',
30 silly registry.get     'content-length': '51',
30 silly registry.get     'accept-ranges': 'bytes',
30 silly registry.get     date: 'Sat, 25 Jul 2015 17:53:53 GMT',
30 silly registry.get     via: '1.1 varnish',
30 silly registry.get     age: '0',
30 silly registry.get     connection: 'keep-alive',
30 silly registry.get     'x-served-by': 'cache-hkg6826-HKG',
30 silly registry.get     'x-cache': 'MISS',
30 silly registry.get     'x-cache-hits': '0',
30 silly registry.get     'x-timer': 'S1437846833.698836,VS0,VE191' } ]
31 silly lockFile ab8ff65e-shortif shortif@
32 silly lockFile ab8ff65e-shortif shortif@
33 error 404 404 Not Found: shortif
33 error 404
33 error 404 'shortif' is not in the npm registry.
33 error 404 You should bug the author to publish it
33 error 404 It was specified as a dependency of 'onBoard'
33 error 404
33 error 404 Note that you can also install from a
33 error 404 tarball, folder, or http url, or git url.
34 error System Linux 3.14.13-c9
35 error command "/home/ubuntu/.nvm/v0.10.35/bin/node" "/home/ubuntu/.nvm/v0.10.35/bin/npm" "install" "--save" "shortif"
36 error cwd /home/ubuntu/workspace/onBoard
37 error node -v v0.10.35
38 error npm -v 1.4.28
39 error code E404
40 verbose exit [ 1, true ]
